<?xml version="1.0" encoding="UTF-8"?>
<!-- Generated by org.testng.reporters.JUnitXMLReporter -->
<testsuite hostname="TK-LPT-0050" ignored="0" name="Test" tests="6" failures="0" timestamp="27 Nov 2020 10:27:04 GMT" time="0.136" errors="0">
  <testcase name="Appiumcase1" time="0.029" classname="QAClick.SQA.Appium"/>
  <testcase name="Appiumcase2" time="0.002" classname="QAClick.SQA.Appium"/>
  <testcase name="RestAssured1" time="0.002" classname="QAClick.SQA.RestAssured"/>
  <testcase name="RestAssured2" time="0.006" classname="QAClick.SQA.RestAssured"/>
  <testcase name="SeleniumWebdriver1" time="0.011" classname="QAClick.SQA.SeleniumWebdriver"/>
  <testcase name="SeleniumWebdriver2" time="0.008" classname="QAClick.SQA.SeleniumWebdriver"/>
</testsuite> <!-- Test -->
