<?xml version="1.0" encoding="UTF-8"?>
<testng-results skipped="0" failed="0" ignored="0" total="1" passed="1">
  <reporter-output>
  </reporter-output>
  <suite name="Default suite" duration-ms="8804" started-at="2020-11-30T07:47:38Z" finished-at="2020-11-30T07:47:47Z">
    <groups>
    </groups>
    <test name="Default test" duration-ms="8804" started-at="2020-11-30T07:47:38Z" finished-at="2020-11-30T07:47:47Z">
      <class name="QAClick.SQA.ExtentReport">
        <test-method status="PASS" signature="config()[pri:0, instance:QAClick.SQA.ExtentReport@4bec1f0c]" name="config" is-config="true" duration-ms="248" started-at="2020-11-30T07:47:38Z" finished-at="2020-11-30T07:47:38Z">
          <reporter-output>
          </reporter-output>
        </test-method> <!-- config -->
        <test-method status="PASS" signature="intialDemo()[pri:0, instance:QAClick.SQA.ExtentReport@4bec1f0c]" name="intialDemo" duration-ms="8524" started-at="2020-11-30T07:47:38Z" finished-at="2020-11-30T07:47:47Z">
          <reporter-output>
          </reporter-output>
        </test-method> <!-- intialDemo -->
      </class> <!-- QAClick.SQA.ExtentReport -->
    </test> <!-- Default test -->
  </suite> <!-- Default suite -->
</testng-results>
